{"name":"ChatBotLogs","hostname":"Laptop-2039","pid":636,"level":30,"msg":"configuring db in development mode","time":"2018-02-28T13:28:44.792Z","v":0}
{"name":"ChatBotLogs","hostname":"Laptop-2039","pid":636,"level":30,"msg":"connecting to -> mongodb://localhost:27017,localhost:27018,localhost:27019/chat_bot?replicaSet=repl1","time":"2018-02-28T13:28:44.792Z","v":0}
{"name":"ChatBotLogs","hostname":"Laptop-2039","pid":636,"level":30,"msg":"connected to DB chat_bot?replicaSet=repl1 at mongodb://localhost:27017,localhost:27018,localhost:27019/chat_bot?replicaSet=repl1","time":"2018-02-28T13:28:45.844Z","v":0}
{"name":"ChatBotLogs","hostname":"Laptop-2039","pid":636,"level":30,"msg":"Express server listening on 4009, in development mode","time":"2018-02-28T13:28:47.201Z","v":0}
{"name":"ChatBotLogs","hostname":"Laptop-2039","pid":10912,"level":30,"msg":"configuring db in development mode","time":"2018-02-28T13:30:18.828Z","v":0}
{"name":"ChatBotLogs","hostname":"Laptop-2039","pid":10912,"level":30,"msg":"connecting to -> mongodb://localhost:27017,localhost:27018,localhost:27019/chat_bot?replicaSet=repl1","time":"2018-02-28T13:30:18.828Z","v":0}
{"name":"ChatBotLogs","hostname":"Laptop-2039","pid":3996,"level":30,"msg":"configuring db in development mode","time":"2018-02-28T13:30:21.193Z","v":0}
{"name":"ChatBotLogs","hostname":"Laptop-2039","pid":3996,"level":30,"msg":"connecting to -> mongodb://localhost:27017,localhost:27018,localhost:27019/chat_bot?replicaSet=repl1","time":"2018-02-28T13:30:21.193Z","v":0}
{"name":"ChatBotLogs","hostname":"Laptop-2039","pid":3996,"level":30,"msg":"connected to DB chat_bot?replicaSet=repl1 at mongodb://localhost:27017,localhost:27018,localhost:27019/chat_bot?replicaSet=repl1","time":"2018-02-28T13:30:22.245Z","v":0}
{"name":"ChatBotLogs","hostname":"Laptop-2039","pid":3996,"level":30,"msg":"Express server listening on 4009, in development mode","time":"2018-02-28T13:30:22.490Z","v":0}
{"name":"ChatBotLogs","hostname":"Laptop-2039","pid":8456,"level":30,"msg":"configuring db in development mode","time":"2018-02-28T13:30:25.556Z","v":0}
{"name":"ChatBotLogs","hostname":"Laptop-2039","pid":8456,"level":30,"msg":"connecting to -> mongodb://localhost:27017,localhost:27018,localhost:27019/chat_bot?replicaSet=repl1","time":"2018-02-28T13:30:25.557Z","v":0}
{"name":"ChatBotLogs","hostname":"Laptop-2039","pid":8456,"level":30,"msg":"connected to DB chat_bot?replicaSet=repl1 at mongodb://localhost:27017,localhost:27018,localhost:27019/chat_bot?replicaSet=repl1","time":"2018-02-28T13:30:26.647Z","v":0}
{"name":"ChatBotLogs","hostname":"Laptop-2039","pid":8456,"level":30,"msg":"Express server listening on 4009, in development mode","time":"2018-02-28T13:30:26.996Z","v":0}
{"name":"ChatBotLogs","hostname":"Laptop-2039","pid":3640,"level":30,"msg":"configuring db in development mode","time":"2018-02-28T13:33:18.896Z","v":0}
{"name":"ChatBotLogs","hostname":"Laptop-2039","pid":3640,"level":30,"msg":"connecting to -> mongodb://localhost:27017,localhost:27018,localhost:27019/chat_bot?replicaSet=repl1","time":"2018-02-28T13:33:18.897Z","v":0}
{"name":"ChatBotLogs","hostname":"Laptop-2039","pid":3640,"level":30,"msg":"connected to DB chat_bot?replicaSet=repl1 at mongodb://localhost:27017,localhost:27018,localhost:27019/chat_bot?replicaSet=repl1","time":"2018-02-28T13:33:19.965Z","v":0}
{"name":"ChatBotLogs","hostname":"Laptop-2039","pid":3640,"level":30,"msg":"Express server listening on 4009, in development mode","time":"2018-02-28T13:33:20.230Z","v":0}
{"name":"ChatBotLogs","hostname":"Laptop-2039","pid":9156,"level":30,"msg":"configuring db in development mode","time":"2018-02-28T13:33:23.261Z","v":0}
{"name":"ChatBotLogs","hostname":"Laptop-2039","pid":9156,"level":30,"msg":"connecting to -> mongodb://localhost:27017,localhost:27018,localhost:27019/chat_bot?replicaSet=repl1","time":"2018-02-28T13:33:23.262Z","v":0}
{"name":"ChatBotLogs","hostname":"Laptop-2039","pid":9156,"level":30,"msg":"connected to DB chat_bot?replicaSet=repl1 at mongodb://localhost:27017,localhost:27018,localhost:27019/chat_bot?replicaSet=repl1","time":"2018-02-28T13:33:24.344Z","v":0}
{"name":"ChatBotLogs","hostname":"Laptop-2039","pid":9156,"level":30,"msg":"Express server listening on 4009, in development mode","time":"2018-02-28T13:33:24.624Z","v":0}
{"name":"ChatBotLogs","hostname":"Laptop-2039","pid":4644,"level":30,"msg":"configuring db in development mode","time":"2018-02-28T13:34:07.268Z","v":0}
{"name":"ChatBotLogs","hostname":"Laptop-2039","pid":4644,"level":30,"msg":"connecting to -> mongodb://localhost:27017,localhost:27018,localhost:27019/chat_bot?replicaSet=repl1","time":"2018-02-28T13:34:07.269Z","v":0}
{"name":"ChatBotLogs","hostname":"Laptop-2039","pid":4644,"level":30,"msg":"connected to DB chat_bot?replicaSet=repl1 at mongodb://localhost:27017,localhost:27018,localhost:27019/chat_bot?replicaSet=repl1","time":"2018-02-28T13:34:08.363Z","v":0}
{"name":"ChatBotLogs","hostname":"Laptop-2039","pid":4644,"level":30,"msg":"Express server listening on 4009, in development mode","time":"2018-02-28T13:34:08.616Z","v":0}
{"name":"ChatBotLogs","hostname":"Laptop-2039","pid":9656,"level":30,"msg":"configuring db in development mode","time":"2018-02-28T13:34:14.483Z","v":0}
{"name":"ChatBotLogs","hostname":"Laptop-2039","pid":9656,"level":30,"msg":"connecting to -> mongodb://localhost:27017,localhost:27018,localhost:27019/chat_bot?replicaSet=repl1","time":"2018-02-28T13:34:14.487Z","v":0}
{"name":"ChatBotLogs","hostname":"Laptop-2039","pid":9656,"level":30,"msg":"connected to DB chat_bot?replicaSet=repl1 at mongodb://localhost:27017,localhost:27018,localhost:27019/chat_bot?replicaSet=repl1","time":"2018-02-28T13:34:15.563Z","v":0}
{"name":"ChatBotLogs","hostname":"Laptop-2039","pid":9656,"level":30,"msg":"Express server listening on 4009, in development mode","time":"2018-02-28T13:34:15.855Z","v":0}
{"name":"ChatBotLogs","hostname":"Laptop-2039","pid":9832,"level":30,"msg":"configuring db in development mode","time":"2018-02-28T13:41:59.696Z","v":0}
{"name":"ChatBotLogs","hostname":"Laptop-2039","pid":9832,"level":30,"msg":"connecting to -> mongodb://localhost:27017,localhost:27018,localhost:27019/chat_bot?replicaSet=repl1","time":"2018-02-28T13:41:59.696Z","v":0}
{"name":"ChatBotLogs","hostname":"Laptop-2039","pid":9832,"level":30,"msg":"connected to DB chat_bot?replicaSet=repl1 at mongodb://localhost:27017,localhost:27018,localhost:27019/chat_bot?replicaSet=repl1","time":"2018-02-28T13:42:00.752Z","v":0}
{"name":"ChatBotLogs","hostname":"Laptop-2039","pid":9832,"level":30,"msg":"Express server listening on 4009, in development mode","time":"2018-02-28T13:42:00.981Z","v":0}
{"name":"ChatBotLogs","hostname":"Laptop-2039","pid":11848,"level":30,"msg":"configuring db in development mode","time":"2018-02-28T13:44:02.421Z","v":0}
{"name":"ChatBotLogs","hostname":"Laptop-2039","pid":11848,"level":30,"msg":"connecting to -> mongodb://localhost:27017,localhost:27018,localhost:27019/chat_bot?replicaSet=repl1","time":"2018-02-28T13:44:02.422Z","v":0}
{"name":"ChatBotLogs","hostname":"Laptop-2039","pid":11848,"level":30,"msg":"connected to DB chat_bot?replicaSet=repl1 at mongodb://localhost:27017,localhost:27018,localhost:27019/chat_bot?replicaSet=repl1","time":"2018-02-28T13:44:03.511Z","v":0}
{"name":"ChatBotLogs","hostname":"Laptop-2039","pid":11848,"level":30,"msg":"Express server listening on 4009, in development mode","time":"2018-02-28T13:44:03.790Z","v":0}
{"name":"ChatBotLogs","hostname":"Laptop-2039","pid":10664,"level":30,"msg":"configuring db in development mode","time":"2018-02-28T13:44:36.398Z","v":0}
{"name":"ChatBotLogs","hostname":"Laptop-2039","pid":10664,"level":30,"msg":"connecting to -> mongodb://localhost:27017,localhost:27018,localhost:27019/chat_bot?replicaSet=repl1","time":"2018-02-28T13:44:36.398Z","v":0}
{"name":"ChatBotLogs","hostname":"Laptop-2039","pid":10664,"level":30,"msg":"connected to DB chat_bot?replicaSet=repl1 at mongodb://localhost:27017,localhost:27018,localhost:27019/chat_bot?replicaSet=repl1","time":"2018-02-28T13:44:37.501Z","v":0}
{"name":"ChatBotLogs","hostname":"Laptop-2039","pid":7748,"level":30,"msg":"configuring db in development mode","time":"2018-02-28T13:44:39.428Z","v":0}
{"name":"ChatBotLogs","hostname":"Laptop-2039","pid":7748,"level":30,"msg":"connecting to -> mongodb://localhost:27017,localhost:27018,localhost:27019/chat_bot?replicaSet=repl1","time":"2018-02-28T13:44:39.429Z","v":0}
{"name":"ChatBotLogs","hostname":"Laptop-2039","pid":3068,"level":30,"msg":"configuring db in development mode","time":"2018-02-28T13:44:41.351Z","v":0}
{"name":"ChatBotLogs","hostname":"Laptop-2039","pid":3068,"level":30,"msg":"connecting to -> mongodb://localhost:27017,localhost:27018,localhost:27019/chat_bot?replicaSet=repl1","time":"2018-02-28T13:44:41.351Z","v":0}
{"name":"ChatBotLogs","hostname":"Laptop-2039","pid":3068,"level":30,"msg":"connected to DB chat_bot?replicaSet=repl1 at mongodb://localhost:27017,localhost:27018,localhost:27019/chat_bot?replicaSet=repl1","time":"2018-02-28T13:44:42.422Z","v":0}
{"name":"ChatBotLogs","hostname":"Laptop-2039","pid":3068,"level":30,"msg":"Express server listening on 4009, in development mode","time":"2018-02-28T13:44:42.678Z","v":0}
{"name":"ChatBotLogs","hostname":"Laptop-2039","pid":2992,"level":30,"msg":"configuring db in development mode","time":"2018-02-28T13:44:53.565Z","v":0}
{"name":"ChatBotLogs","hostname":"Laptop-2039","pid":2992,"level":30,"msg":"connecting to -> mongodb://localhost:27017,localhost:27018,localhost:27019/chat_bot?replicaSet=repl1","time":"2018-02-28T13:44:53.565Z","v":0}
{"name":"ChatBotLogs","hostname":"Laptop-2039","pid":2992,"level":30,"msg":"connected to DB chat_bot?replicaSet=repl1 at mongodb://localhost:27017,localhost:27018,localhost:27019/chat_bot?replicaSet=repl1","time":"2018-02-28T13:44:54.612Z","v":0}
{"name":"ChatBotLogs","hostname":"Laptop-2039","pid":2992,"level":30,"msg":"Express server listening on 4009, in development mode","time":"2018-02-28T13:44:54.880Z","v":0}
{"name":"ChatBotLogs","hostname":"Laptop-2039","pid":12188,"level":30,"msg":"configuring db in development mode","time":"2018-02-28T13:44:58.404Z","v":0}
{"name":"ChatBotLogs","hostname":"Laptop-2039","pid":12188,"level":30,"msg":"connecting to -> mongodb://localhost:27017,localhost:27018,localhost:27019/chat_bot?replicaSet=repl1","time":"2018-02-28T13:44:58.404Z","v":0}
{"name":"ChatBotLogs","hostname":"Laptop-2039","pid":12188,"level":30,"msg":"connected to DB chat_bot?replicaSet=repl1 at mongodb://localhost:27017,localhost:27018,localhost:27019/chat_bot?replicaSet=repl1","time":"2018-02-28T13:44:59.483Z","v":0}
{"name":"ChatBotLogs","hostname":"Laptop-2039","pid":12188,"level":30,"msg":"Express server listening on 4009, in development mode","time":"2018-02-28T13:44:59.834Z","v":0}
{"name":"ChatBotLogs","hostname":"Laptop-2039","pid":4520,"level":30,"msg":"configuring db in development mode","time":"2018-02-28T13:49:10.105Z","v":0}
{"name":"ChatBotLogs","hostname":"Laptop-2039","pid":4520,"level":30,"msg":"connecting to -> mongodb://localhost:27017,localhost:27018,localhost:27019/chat_bot?replicaSet=repl1","time":"2018-02-28T13:49:10.106Z","v":0}
{"name":"ChatBotLogs","hostname":"Laptop-2039","pid":4520,"level":30,"msg":"connected to DB chat_bot?replicaSet=repl1 at mongodb://localhost:27017,localhost:27018,localhost:27019/chat_bot?replicaSet=repl1","time":"2018-02-28T13:49:11.187Z","v":0}
{"name":"ChatBotLogs","hostname":"Laptop-2039","pid":4520,"level":30,"msg":"Express server listening on 4009, in development mode","time":"2018-02-28T13:49:11.408Z","v":0}
{"name":"ChatBotLogs","hostname":"Laptop-2039","pid":10272,"level":30,"msg":"configuring db in development mode","time":"2018-02-28T13:49:18.820Z","v":0}
{"name":"ChatBotLogs","hostname":"Laptop-2039","pid":10272,"level":30,"msg":"connecting to -> mongodb://localhost:27017,localhost:27018,localhost:27019/chat_bot?replicaSet=repl1","time":"2018-02-28T13:49:18.820Z","v":0}
{"name":"ChatBotLogs","hostname":"Laptop-2039","pid":10272,"level":30,"msg":"connected to DB chat_bot?replicaSet=repl1 at mongodb://localhost:27017,localhost:27018,localhost:27019/chat_bot?replicaSet=repl1","time":"2018-02-28T13:49:19.894Z","v":0}
{"name":"ChatBotLogs","hostname":"Laptop-2039","pid":10272,"level":30,"msg":"Express server listening on 4009, in development mode","time":"2018-02-28T13:49:20.199Z","v":0}
{"name":"ChatBotLogs","hostname":"Laptop-2039","pid":9160,"level":30,"msg":"configuring db in development mode","time":"2018-02-28T13:49:26.373Z","v":0}
{"name":"ChatBotLogs","hostname":"Laptop-2039","pid":9160,"level":30,"msg":"connecting to -> mongodb://localhost:27017,localhost:27018,localhost:27019/chat_bot?replicaSet=repl1","time":"2018-02-28T13:49:26.374Z","v":0}
{"name":"ChatBotLogs","hostname":"Laptop-2039","pid":9160,"level":30,"msg":"connected to DB chat_bot?replicaSet=repl1 at mongodb://localhost:27017,localhost:27018,localhost:27019/chat_bot?replicaSet=repl1","time":"2018-02-28T13:49:27.449Z","v":0}
{"name":"ChatBotLogs","hostname":"Laptop-2039","pid":9160,"level":30,"msg":"Express server listening on 4009, in development mode","time":"2018-02-28T13:49:27.665Z","v":0}
{"name":"ChatBotLogs","hostname":"Laptop-2039","pid":11024,"level":30,"msg":"configuring db in development mode","time":"2018-02-28T13:51:10.169Z","v":0}
{"name":"ChatBotLogs","hostname":"Laptop-2039","pid":11024,"level":30,"msg":"connecting to -> mongodb://localhost:27017,localhost:27018,localhost:27019/chat_bot?replicaSet=repl1","time":"2018-02-28T13:51:10.169Z","v":0}
{"name":"ChatBotLogs","hostname":"Laptop-2039","pid":11024,"level":30,"msg":"connected to DB chat_bot?replicaSet=repl1 at mongodb://localhost:27017,localhost:27018,localhost:27019/chat_bot?replicaSet=repl1","time":"2018-02-28T13:51:11.245Z","v":0}
{"name":"ChatBotLogs","hostname":"Laptop-2039","pid":11024,"level":30,"msg":"Express server listening on 4009, in development mode","time":"2018-02-28T13:51:11.603Z","v":0}
{"name":"ChatBotLogs","hostname":"Laptop-2039","pid":11116,"level":30,"msg":"configuring db in development mode","time":"2018-02-28T13:51:15.165Z","v":0}
{"name":"ChatBotLogs","hostname":"Laptop-2039","pid":11116,"level":30,"msg":"connecting to -> mongodb://localhost:27017,localhost:27018,localhost:27019/chat_bot?replicaSet=repl1","time":"2018-02-28T13:51:15.166Z","v":0}
{"name":"ChatBotLogs","hostname":"Laptop-2039","pid":11116,"level":30,"msg":"connected to DB chat_bot?replicaSet=repl1 at mongodb://localhost:27017,localhost:27018,localhost:27019/chat_bot?replicaSet=repl1","time":"2018-02-28T13:51:16.253Z","v":0}
{"name":"ChatBotLogs","hostname":"Laptop-2039","pid":11116,"level":30,"msg":"Express server listening on 4009, in development mode","time":"2018-02-28T13:51:16.717Z","v":0}
{"name":"ChatBotLogs","hostname":"Laptop-2039","pid":10608,"level":30,"msg":"configuring db in development mode","time":"2018-02-28T13:51:36.255Z","v":0}
{"name":"ChatBotLogs","hostname":"Laptop-2039","pid":10608,"level":30,"msg":"connecting to -> mongodb://localhost:27017,localhost:27018,localhost:27019/chat_bot?replicaSet=repl1","time":"2018-02-28T13:51:36.256Z","v":0}
{"name":"ChatBotLogs","hostname":"Laptop-2039","pid":10608,"level":30,"msg":"connected to DB chat_bot?replicaSet=repl1 at mongodb://localhost:27017,localhost:27018,localhost:27019/chat_bot?replicaSet=repl1","time":"2018-02-28T13:51:37.330Z","v":0}
{"name":"ChatBotLogs","hostname":"Laptop-2039","pid":10608,"level":30,"msg":"Express server listening on 4009, in development mode","time":"2018-02-28T13:51:37.551Z","v":0}
{"name":"ChatBotLogs","hostname":"Laptop-2039","pid":2952,"level":30,"msg":"configuring db in development mode","time":"2018-02-28T13:52:05.593Z","v":0}
{"name":"ChatBotLogs","hostname":"Laptop-2039","pid":2952,"level":30,"msg":"connecting to -> mongodb://localhost:27017,localhost:27018,localhost:27019/chat_bot?replicaSet=repl1","time":"2018-02-28T13:52:05.594Z","v":0}
{"name":"ChatBotLogs","hostname":"Laptop-2039","pid":2952,"level":30,"msg":"connected to DB chat_bot?replicaSet=repl1 at mongodb://localhost:27017,localhost:27018,localhost:27019/chat_bot?replicaSet=repl1","time":"2018-02-28T13:52:06.718Z","v":0}
{"name":"ChatBotLogs","hostname":"Laptop-2039","pid":2952,"level":30,"msg":"Express server listening on 4009, in development mode","time":"2018-02-28T13:52:06.938Z","v":0}
{"name":"ChatBotLogs","hostname":"Laptop-2039","pid":10692,"level":30,"msg":"configuring db in development mode","time":"2018-02-28T13:56:28.237Z","v":0}
{"name":"ChatBotLogs","hostname":"Laptop-2039","pid":10692,"level":30,"msg":"connecting to -> mongodb://localhost:27017,localhost:27018,localhost:27019/chat_bot?replicaSet=repl1","time":"2018-02-28T13:56:28.237Z","v":0}
{"name":"ChatBotLogs","hostname":"Laptop-2039","pid":10692,"level":30,"msg":"connected to DB chat_bot?replicaSet=repl1 at mongodb://localhost:27017,localhost:27018,localhost:27019/chat_bot?replicaSet=repl1","time":"2018-02-28T13:56:29.299Z","v":0}
{"name":"ChatBotLogs","hostname":"Laptop-2039","pid":10692,"level":30,"msg":"Express server listening on 4009, in development mode","time":"2018-02-28T13:56:29.578Z","v":0}
{"name":"ChatBotLogs","hostname":"Laptop-2039","pid":10568,"level":30,"msg":"configuring db in development mode","time":"2018-02-28T13:59:56.888Z","v":0}
{"name":"ChatBotLogs","hostname":"Laptop-2039","pid":10568,"level":30,"msg":"connecting to -> mongodb://localhost:27017,localhost:27018,localhost:27019/chat_bot?replicaSet=repl1","time":"2018-02-28T13:59:56.888Z","v":0}
{"name":"ChatBotLogs","hostname":"Laptop-2039","pid":10568,"level":30,"msg":"connected to DB chat_bot?replicaSet=repl1 at mongodb://localhost:27017,localhost:27018,localhost:27019/chat_bot?replicaSet=repl1","time":"2018-02-28T13:59:58.034Z","v":0}
{"name":"ChatBotLogs","hostname":"Laptop-2039","pid":10568,"level":30,"msg":"Express server listening on 4009, in development mode","time":"2018-02-28T13:59:58.314Z","v":0}
{"name":"ChatBotLogs","hostname":"Laptop-2039","pid":12108,"level":30,"msg":"configuring db in development mode","time":"2018-02-28T14:00:39.069Z","v":0}
{"name":"ChatBotLogs","hostname":"Laptop-2039","pid":12108,"level":30,"msg":"connecting to -> mongodb://localhost:27017,localhost:27018,localhost:27019/chat_bot?replicaSet=repl1","time":"2018-02-28T14:00:39.069Z","v":0}
{"name":"ChatBotLogs","hostname":"Laptop-2039","pid":12108,"level":30,"msg":"connected to DB chat_bot?replicaSet=repl1 at mongodb://localhost:27017,localhost:27018,localhost:27019/chat_bot?replicaSet=repl1","time":"2018-02-28T14:00:40.128Z","v":0}
{"name":"ChatBotLogs","hostname":"Laptop-2039","pid":12108,"level":30,"msg":"Express server listening on 4009, in development mode","time":"2018-02-28T14:00:40.371Z","v":0}
{"name":"ChatBotLogs","hostname":"Laptop-2039","pid":3264,"level":30,"msg":"configuring db in development mode","time":"2018-02-28T14:00:44.758Z","v":0}
{"name":"ChatBotLogs","hostname":"Laptop-2039","pid":3264,"level":30,"msg":"connecting to -> mongodb://localhost:27017,localhost:27018,localhost:27019/chat_bot?replicaSet=repl1","time":"2018-02-28T14:00:44.759Z","v":0}
{"name":"ChatBotLogs","hostname":"Laptop-2039","pid":3264,"level":30,"msg":"connected to DB chat_bot?replicaSet=repl1 at mongodb://localhost:27017,localhost:27018,localhost:27019/chat_bot?replicaSet=repl1","time":"2018-02-28T14:00:45.813Z","v":0}
{"name":"ChatBotLogs","hostname":"Laptop-2039","pid":3264,"level":30,"msg":"Express server listening on 4009, in development mode","time":"2018-02-28T14:00:46.147Z","v":0}
{"name":"ChatBotLogs","hostname":"Laptop-2039","pid":9608,"level":30,"msg":"configuring db in development mode","time":"2018-02-28T14:01:53.341Z","v":0}
{"name":"ChatBotLogs","hostname":"Laptop-2039","pid":9608,"level":30,"msg":"connecting to -> mongodb://localhost:27017,localhost:27018,localhost:27019/chat_bot?replicaSet=repl1","time":"2018-02-28T14:01:53.342Z","v":0}
{"name":"ChatBotLogs","hostname":"Laptop-2039","pid":9608,"level":30,"msg":"connected to DB chat_bot?replicaSet=repl1 at mongodb://localhost:27017,localhost:27018,localhost:27019/chat_bot?replicaSet=repl1","time":"2018-02-28T14:01:54.412Z","v":0}
{"name":"ChatBotLogs","hostname":"Laptop-2039","pid":9608,"level":30,"msg":"Express server listening on 4009, in development mode","time":"2018-02-28T14:01:54.656Z","v":0}
{"name":"ChatBotLogs","hostname":"Laptop-2039","pid":3224,"level":30,"msg":"configuring db in development mode","time":"2018-02-28T14:03:20.585Z","v":0}
{"name":"ChatBotLogs","hostname":"Laptop-2039","pid":3224,"level":30,"msg":"connecting to -> mongodb://localhost:27017,localhost:27018,localhost:27019/chat_bot?replicaSet=repl1","time":"2018-02-28T14:03:20.586Z","v":0}
{"name":"ChatBotLogs","hostname":"Laptop-2039","pid":3224,"level":30,"msg":"connected to DB chat_bot?replicaSet=repl1 at mongodb://localhost:27017,localhost:27018,localhost:27019/chat_bot?replicaSet=repl1","time":"2018-02-28T14:03:21.670Z","v":0}
{"name":"ChatBotLogs","hostname":"Laptop-2039","pid":3224,"level":30,"msg":"Express server listening on 4009, in development mode","time":"2018-02-28T14:03:21.931Z","v":0}
{"name":"ChatBotLogs","hostname":"Laptop-2039","pid":11500,"level":30,"msg":"configuring db in development mode","time":"2018-02-28T14:05:34.440Z","v":0}
{"name":"ChatBotLogs","hostname":"Laptop-2039","pid":11500,"level":30,"msg":"connecting to -> mongodb://localhost:27017,localhost:27018,localhost:27019/chat_bot?replicaSet=repl1","time":"2018-02-28T14:05:34.440Z","v":0}
{"name":"ChatBotLogs","hostname":"Laptop-2039","pid":11500,"level":30,"msg":"connected to DB chat_bot?replicaSet=repl1 at mongodb://localhost:27017,localhost:27018,localhost:27019/chat_bot?replicaSet=repl1","time":"2018-02-28T14:05:35.526Z","v":0}
{"name":"ChatBotLogs","hostname":"Laptop-2039","pid":11500,"level":30,"msg":"Express server listening on 4009, in development mode","time":"2018-02-28T14:05:35.796Z","v":0}
{"name":"ChatBotLogs","hostname":"Laptop-2039","pid":11720,"level":30,"msg":"configuring db in development mode","time":"2018-02-28T14:05:40.730Z","v":0}
{"name":"ChatBotLogs","hostname":"Laptop-2039","pid":11720,"level":30,"msg":"connecting to -> mongodb://localhost:27017,localhost:27018,localhost:27019/chat_bot?replicaSet=repl1","time":"2018-02-28T14:05:40.731Z","v":0}
{"name":"ChatBotLogs","hostname":"Laptop-2039","pid":11720,"level":30,"msg":"connected to DB chat_bot?replicaSet=repl1 at mongodb://localhost:27017,localhost:27018,localhost:27019/chat_bot?replicaSet=repl1","time":"2018-02-28T14:05:41.862Z","v":0}
{"name":"ChatBotLogs","hostname":"Laptop-2039","pid":11720,"level":30,"msg":"Express server listening on 4009, in development mode","time":"2018-02-28T14:05:42.107Z","v":0}
{"name":"ChatBotLogs","hostname":"Laptop-2039","pid":11848,"level":30,"msg":"configuring db in development mode","time":"2018-02-28T14:05:51.621Z","v":0}
{"name":"ChatBotLogs","hostname":"Laptop-2039","pid":11848,"level":30,"msg":"connecting to -> mongodb://localhost:27017,localhost:27018,localhost:27019/chat_bot?replicaSet=repl1","time":"2018-02-28T14:05:51.622Z","v":0}
{"name":"ChatBotLogs","hostname":"Laptop-2039","pid":11848,"level":30,"msg":"connected to DB chat_bot?replicaSet=repl1 at mongodb://localhost:27017,localhost:27018,localhost:27019/chat_bot?replicaSet=repl1","time":"2018-02-28T14:05:52.674Z","v":0}
{"name":"ChatBotLogs","hostname":"Laptop-2039","pid":11848,"level":30,"msg":"Express server listening on 4009, in development mode","time":"2018-02-28T14:05:52.910Z","v":0}
{"name":"ChatBotLogs","hostname":"Laptop-2039","pid":9440,"level":30,"msg":"configuring db in development mode","time":"2018-02-28T14:07:32.570Z","v":0}
{"name":"ChatBotLogs","hostname":"Laptop-2039","pid":9440,"level":30,"msg":"connecting to -> mongodb://localhost:27017,localhost:27018,localhost:27019/chat_bot?replicaSet=repl1","time":"2018-02-28T14:07:32.571Z","v":0}
{"name":"ChatBotLogs","hostname":"Laptop-2039","pid":9440,"level":30,"msg":"connected to DB chat_bot?replicaSet=repl1 at mongodb://localhost:27017,localhost:27018,localhost:27019/chat_bot?replicaSet=repl1","time":"2018-02-28T14:07:33.741Z","v":0}
{"name":"ChatBotLogs","hostname":"Laptop-2039","pid":9440,"level":30,"msg":"Express server listening on 4009, in development mode","time":"2018-02-28T14:07:33.999Z","v":0}
{"name":"ChatBotLogs","hostname":"Laptop-2039","pid":5332,"level":30,"msg":"configuring db in development mode","time":"2018-02-28T15:24:35.666Z","v":0}
{"name":"ChatBotLogs","hostname":"Laptop-2039","pid":5332,"level":30,"msg":"connecting to -> mongodb://localhost:27017,localhost:27018,localhost:27019/chat_bot?replicaSet=repl1","time":"2018-02-28T15:24:35.667Z","v":0}
{"name":"ChatBotLogs","hostname":"Laptop-2039","pid":5332,"level":30,"msg":"connected to DB chat_bot?replicaSet=repl1 at mongodb://localhost:27017,localhost:27018,localhost:27019/chat_bot?replicaSet=repl1","time":"2018-02-28T15:24:36.726Z","v":0}
{"name":"ChatBotLogs","hostname":"Laptop-2039","pid":5332,"level":30,"msg":"Express server listening on 4009, in development mode","time":"2018-02-28T15:24:36.957Z","v":0}
{"name":"ChatBotLogs","hostname":"Laptop-2039","pid":7240,"level":30,"msg":"configuring db in development mode","time":"2018-02-28T15:24:47.243Z","v":0}
{"name":"ChatBotLogs","hostname":"Laptop-2039","pid":7240,"level":30,"msg":"connecting to -> mongodb://localhost:27017,localhost:27018,localhost:27019/chat_bot?replicaSet=repl1","time":"2018-02-28T15:24:47.244Z","v":0}
{"name":"ChatBotLogs","hostname":"Laptop-2039","pid":7240,"level":30,"msg":"connected to DB chat_bot?replicaSet=repl1 at mongodb://localhost:27017,localhost:27018,localhost:27019/chat_bot?replicaSet=repl1","time":"2018-02-28T15:24:48.300Z","v":0}
{"name":"ChatBotLogs","hostname":"Laptop-2039","pid":7240,"level":30,"msg":"Express server listening on 4009, in development mode","time":"2018-02-28T15:24:48.554Z","v":0}
{"name":"ChatBotLogs","hostname":"Laptop-2039","pid":8292,"level":30,"msg":"configuring db in development mode","time":"2018-02-28T15:27:12.490Z","v":0}
{"name":"ChatBotLogs","hostname":"Laptop-2039","pid":8292,"level":30,"msg":"connecting to -> mongodb://localhost:27017,localhost:27018,localhost:27019/chat_bot?replicaSet=repl1","time":"2018-02-28T15:27:12.491Z","v":0}
{"name":"ChatBotLogs","hostname":"Laptop-2039","pid":8292,"level":30,"msg":"connected to DB chat_bot?replicaSet=repl1 at mongodb://localhost:27017,localhost:27018,localhost:27019/chat_bot?replicaSet=repl1","time":"2018-02-28T15:27:13.564Z","v":0}
{"name":"ChatBotLogs","hostname":"Laptop-2039","pid":8292,"level":30,"msg":"Express server listening on 4009, in development mode","time":"2018-02-28T15:27:13.888Z","v":0}
{"name":"ChatBotLogs","hostname":"Laptop-2039","pid":11100,"level":30,"msg":"configuring db in development mode","time":"2018-02-28T15:27:16.798Z","v":0}
{"name":"ChatBotLogs","hostname":"Laptop-2039","pid":11100,"level":30,"msg":"connecting to -> mongodb://localhost:27017,localhost:27018,localhost:27019/chat_bot?replicaSet=repl1","time":"2018-02-28T15:27:16.798Z","v":0}
{"name":"ChatBotLogs","hostname":"Laptop-2039","pid":11100,"level":30,"msg":"connected to DB chat_bot?replicaSet=repl1 at mongodb://localhost:27017,localhost:27018,localhost:27019/chat_bot?replicaSet=repl1","time":"2018-02-28T15:27:17.878Z","v":0}
{"name":"ChatBotLogs","hostname":"Laptop-2039","pid":11100,"level":30,"msg":"Express server listening on 4009, in development mode","time":"2018-02-28T15:27:18.092Z","v":0}
{"name":"ChatBotLogs","hostname":"Laptop-2039","pid":4736,"level":30,"msg":"configuring db in development mode","time":"2018-02-28T15:27:19.999Z","v":0}
{"name":"ChatBotLogs","hostname":"Laptop-2039","pid":4736,"level":30,"msg":"connecting to -> mongodb://localhost:27017,localhost:27018,localhost:27019/chat_bot?replicaSet=repl1","time":"2018-02-28T15:27:20.000Z","v":0}
{"name":"ChatBotLogs","hostname":"Laptop-2039","pid":4736,"level":30,"msg":"connected to DB chat_bot?replicaSet=repl1 at mongodb://localhost:27017,localhost:27018,localhost:27019/chat_bot?replicaSet=repl1","time":"2018-02-28T15:27:21.079Z","v":0}
{"name":"ChatBotLogs","hostname":"Laptop-2039","pid":11028,"level":30,"msg":"configuring db in development mode","time":"2018-02-28T15:27:22.271Z","v":0}
{"name":"ChatBotLogs","hostname":"Laptop-2039","pid":11028,"level":30,"msg":"connecting to -> mongodb://localhost:27017,localhost:27018,localhost:27019/chat_bot?replicaSet=repl1","time":"2018-02-28T15:27:22.271Z","v":0}
{"name":"ChatBotLogs","hostname":"Laptop-2039","pid":11028,"level":30,"msg":"connected to DB chat_bot?replicaSet=repl1 at mongodb://localhost:27017,localhost:27018,localhost:27019/chat_bot?replicaSet=repl1","time":"2018-02-28T15:27:23.313Z","v":0}
{"name":"ChatBotLogs","hostname":"Laptop-2039","pid":11028,"level":30,"msg":"Express server listening on 4009, in development mode","time":"2018-02-28T15:27:23.547Z","v":0}
{"name":"ChatBotLogs","hostname":"Laptop-2039","pid":10832,"level":30,"msg":"configuring db in development mode","time":"2018-02-28T15:31:21.152Z","v":0}
{"name":"ChatBotLogs","hostname":"Laptop-2039","pid":10832,"level":30,"msg":"connecting to -> mongodb://localhost:27017,localhost:27018,localhost:27019/chat_bot?replicaSet=repl1","time":"2018-02-28T15:31:21.152Z","v":0}
{"name":"ChatBotLogs","hostname":"Laptop-2039","pid":10832,"level":30,"msg":"connected to DB chat_bot?replicaSet=repl1 at mongodb://localhost:27017,localhost:27018,localhost:27019/chat_bot?replicaSet=repl1","time":"2018-02-28T15:31:22.204Z","v":0}
{"name":"ChatBotLogs","hostname":"Laptop-2039","pid":10832,"level":30,"msg":"Express server listening on 4009, in development mode","time":"2018-02-28T15:31:22.464Z","v":0}
{"name":"ChatBotLogs","hostname":"Laptop-2039","pid":10404,"level":30,"msg":"configuring db in development mode","time":"2018-02-28T15:50:45.244Z","v":0}
{"name":"ChatBotLogs","hostname":"Laptop-2039","pid":10404,"level":30,"msg":"connecting to -> mongodb://localhost:27017,localhost:27018,localhost:27019/chat_bot?replicaSet=repl1","time":"2018-02-28T15:50:45.244Z","v":0}
{"name":"ChatBotLogs","hostname":"Laptop-2039","pid":10404,"level":30,"msg":"connected to DB chat_bot?replicaSet=repl1 at mongodb://localhost:27017,localhost:27018,localhost:27019/chat_bot?replicaSet=repl1","time":"2018-02-28T15:50:46.324Z","v":0}
{"name":"ChatBotLogs","hostname":"Laptop-2039","pid":10404,"level":30,"msg":"Express server listening on 4009, in development mode","time":"2018-02-28T15:50:46.740Z","v":0}
{"name":"ChatBotLogs","hostname":"Laptop-2039","pid":4844,"level":30,"msg":"configuring db in development mode","time":"2018-02-28T15:51:38.552Z","v":0}
{"name":"ChatBotLogs","hostname":"Laptop-2039","pid":4844,"level":30,"msg":"connecting to -> mongodb://localhost:27017,localhost:27018,localhost:27019/chat_bot?replicaSet=repl1","time":"2018-02-28T15:51:38.552Z","v":0}
{"name":"ChatBotLogs","hostname":"Laptop-2039","pid":4844,"level":30,"msg":"connected to DB chat_bot?replicaSet=repl1 at mongodb://localhost:27017,localhost:27018,localhost:27019/chat_bot?replicaSet=repl1","time":"2018-02-28T15:51:39.625Z","v":0}
{"name":"ChatBotLogs","hostname":"Laptop-2039","pid":4844,"level":30,"msg":"Express server listening on 4009, in development mode","time":"2018-02-28T15:51:39.932Z","v":0}
{"name":"ChatBotLogs","hostname":"Laptop-2039","pid":9368,"level":30,"msg":"configuring db in development mode","time":"2018-02-28T15:52:15.575Z","v":0}
{"name":"ChatBotLogs","hostname":"Laptop-2039","pid":9368,"level":30,"msg":"connecting to -> mongodb://localhost:27017,localhost:27018,localhost:27019/chat_bot?replicaSet=repl1","time":"2018-02-28T15:52:15.575Z","v":0}
{"name":"ChatBotLogs","hostname":"Laptop-2039","pid":9368,"level":30,"msg":"connected to DB chat_bot?replicaSet=repl1 at mongodb://localhost:27017,localhost:27018,localhost:27019/chat_bot?replicaSet=repl1","time":"2018-02-28T15:52:16.654Z","v":0}
{"name":"ChatBotLogs","hostname":"Laptop-2039","pid":9368,"level":30,"msg":"Express server listening on 4009, in development mode","time":"2018-02-28T15:52:16.949Z","v":0}
{"name":"ChatBotLogs","hostname":"Laptop-2039","pid":5908,"level":30,"msg":"configuring db in development mode","time":"2018-02-28T15:58:50.277Z","v":0}
{"name":"ChatBotLogs","hostname":"Laptop-2039","pid":5908,"level":30,"msg":"connecting to -> mongodb://localhost:27017,localhost:27018,localhost:27019/chat_bot?replicaSet=repl1","time":"2018-02-28T15:58:50.278Z","v":0}
{"name":"ChatBotLogs","hostname":"Laptop-2039","pid":5908,"level":30,"msg":"connected to DB chat_bot?replicaSet=repl1 at mongodb://localhost:27017,localhost:27018,localhost:27019/chat_bot?replicaSet=repl1","time":"2018-02-28T15:58:51.359Z","v":0}
{"name":"ChatBotLogs","hostname":"Laptop-2039","pid":5908,"level":30,"msg":"Express server listening on 4009, in development mode","time":"2018-02-28T15:58:51.608Z","v":0}
{"name":"ChatBotLogs","hostname":"Laptop-2039","pid":3228,"level":30,"msg":"configuring db in development mode","time":"2018-02-28T15:58:53.608Z","v":0}
{"name":"ChatBotLogs","hostname":"Laptop-2039","pid":3228,"level":30,"msg":"connecting to -> mongodb://localhost:27017,localhost:27018,localhost:27019/chat_bot?replicaSet=repl1","time":"2018-02-28T15:58:53.608Z","v":0}
{"name":"ChatBotLogs","hostname":"Laptop-2039","pid":3228,"level":30,"msg":"connected to DB chat_bot?replicaSet=repl1 at mongodb://localhost:27017,localhost:27018,localhost:27019/chat_bot?replicaSet=repl1","time":"2018-02-28T15:58:54.704Z","v":0}
{"name":"ChatBotLogs","hostname":"Laptop-2039","pid":3228,"level":30,"msg":"Express server listening on 4009, in development mode","time":"2018-02-28T15:58:55.076Z","v":0}
{"name":"ChatBotLogs","hostname":"Laptop-2039","pid":6160,"level":30,"msg":"configuring db in development mode","time":"2018-02-28T16:00:12.850Z","v":0}
{"name":"ChatBotLogs","hostname":"Laptop-2039","pid":6160,"level":30,"msg":"connecting to -> mongodb://localhost:27017,localhost:27018,localhost:27019/chat_bot?replicaSet=repl1","time":"2018-02-28T16:00:12.851Z","v":0}
{"name":"ChatBotLogs","hostname":"Laptop-2039","pid":6160,"level":30,"msg":"connected to DB chat_bot?replicaSet=repl1 at mongodb://localhost:27017,localhost:27018,localhost:27019/chat_bot?replicaSet=repl1","time":"2018-02-28T16:00:13.936Z","v":0}
{"name":"ChatBotLogs","hostname":"Laptop-2039","pid":6160,"level":30,"msg":"Express server listening on 4009, in development mode","time":"2018-02-28T16:00:14.235Z","v":0}
{"name":"ChatBotLogs","hostname":"Laptop-2039","pid":11360,"level":30,"msg":"configuring db in development mode","time":"2018-02-28T16:02:38.203Z","v":0}
{"name":"ChatBotLogs","hostname":"Laptop-2039","pid":11360,"level":30,"msg":"connecting to -> mongodb://localhost:27017,localhost:27018,localhost:27019/chat_bot?replicaSet=repl1","time":"2018-02-28T16:02:38.204Z","v":0}
{"name":"ChatBotLogs","hostname":"Laptop-2039","pid":11360,"level":30,"msg":"connected to DB chat_bot?replicaSet=repl1 at mongodb://localhost:27017,localhost:27018,localhost:27019/chat_bot?replicaSet=repl1","time":"2018-02-28T16:02:39.313Z","v":0}
{"name":"ChatBotLogs","hostname":"Laptop-2039","pid":11360,"level":30,"msg":"Express server listening on 4009, in development mode","time":"2018-02-28T16:02:39.578Z","v":0}
{"name":"ChatBotLogs","hostname":"Laptop-2039","pid":11728,"level":30,"msg":"configuring db in development mode","time":"2018-02-28T16:02:59.943Z","v":0}
{"name":"ChatBotLogs","hostname":"Laptop-2039","pid":11728,"level":30,"msg":"connecting to -> mongodb://localhost:27017,localhost:27018,localhost:27019/chat_bot?replicaSet=repl1","time":"2018-02-28T16:02:59.944Z","v":0}
{"name":"ChatBotLogs","hostname":"Laptop-2039","pid":11728,"level":30,"msg":"connected to DB chat_bot?replicaSet=repl1 at mongodb://localhost:27017,localhost:27018,localhost:27019/chat_bot?replicaSet=repl1","time":"2018-02-28T16:03:00.998Z","v":0}
{"name":"ChatBotLogs","hostname":"Laptop-2039","pid":11728,"level":30,"msg":"Express server listening on 4009, in development mode","time":"2018-02-28T16:03:01.215Z","v":0}
{"name":"ChatBotLogs","hostname":"Laptop-2039","pid":6152,"level":30,"msg":"configuring db in development mode","time":"2018-02-28T16:06:58.923Z","v":0}
{"name":"ChatBotLogs","hostname":"Laptop-2039","pid":6152,"level":30,"msg":"connecting to -> mongodb://localhost:27017,localhost:27018,localhost:27019/chat_bot?replicaSet=repl1","time":"2018-02-28T16:06:58.923Z","v":0}
{"name":"ChatBotLogs","hostname":"Laptop-2039","pid":6152,"level":30,"msg":"connected to DB chat_bot?replicaSet=repl1 at mongodb://localhost:27017,localhost:27018,localhost:27019/chat_bot?replicaSet=repl1","time":"2018-02-28T16:07:00.029Z","v":0}
{"name":"ChatBotLogs","hostname":"Laptop-2039","pid":6152,"level":30,"msg":"Express server listening on 4009, in development mode","time":"2018-02-28T16:07:00.309Z","v":0}
{"name":"ChatBotLogs","hostname":"Laptop-2039","pid":4936,"level":30,"msg":"configuring db in development mode","time":"2018-02-28T16:07:15.918Z","v":0}
{"name":"ChatBotLogs","hostname":"Laptop-2039","pid":4936,"level":30,"msg":"connecting to -> mongodb://localhost:27017,localhost:27018,localhost:27019/chat_bot?replicaSet=repl1","time":"2018-02-28T16:07:15.918Z","v":0}
{"name":"ChatBotLogs","hostname":"Laptop-2039","pid":4936,"level":30,"msg":"connected to DB chat_bot?replicaSet=repl1 at mongodb://localhost:27017,localhost:27018,localhost:27019/chat_bot?replicaSet=repl1","time":"2018-02-28T16:07:16.964Z","v":0}
{"name":"ChatBotLogs","hostname":"Laptop-2039","pid":4936,"level":30,"msg":"Express server listening on 4009, in development mode","time":"2018-02-28T16:07:17.178Z","v":0}
{"name":"ChatBotLogs","hostname":"Laptop-2039","pid":12276,"level":30,"msg":"configuring db in development mode","time":"2018-02-28T16:07:23.208Z","v":0}
{"name":"ChatBotLogs","hostname":"Laptop-2039","pid":12276,"level":30,"msg":"connecting to -> mongodb://localhost:27017,localhost:27018,localhost:27019/chat_bot?replicaSet=repl1","time":"2018-02-28T16:07:23.208Z","v":0}
{"name":"ChatBotLogs","hostname":"Laptop-2039","pid":12276,"level":30,"msg":"connected to DB chat_bot?replicaSet=repl1 at mongodb://localhost:27017,localhost:27018,localhost:27019/chat_bot?replicaSet=repl1","time":"2018-02-28T16:07:24.285Z","v":0}
{"name":"ChatBotLogs","hostname":"Laptop-2039","pid":12276,"level":30,"msg":"Express server listening on 4009, in development mode","time":"2018-02-28T16:07:24.541Z","v":0}
{"name":"ChatBotLogs","hostname":"Laptop-2039","pid":10412,"level":30,"msg":"configuring db in development mode","time":"2018-02-28T16:08:14.195Z","v":0}
{"name":"ChatBotLogs","hostname":"Laptop-2039","pid":10412,"level":30,"msg":"connecting to -> mongodb://localhost:27017,localhost:27018,localhost:27019/chat_bot?replicaSet=repl1","time":"2018-02-28T16:08:14.195Z","v":0}
{"name":"ChatBotLogs","hostname":"Laptop-2039","pid":10412,"level":30,"msg":"connected to DB chat_bot?replicaSet=repl1 at mongodb://localhost:27017,localhost:27018,localhost:27019/chat_bot?replicaSet=repl1","time":"2018-02-28T16:08:15.249Z","v":0}
{"name":"ChatBotLogs","hostname":"Laptop-2039","pid":10412,"level":30,"msg":"Express server listening on 4009, in development mode","time":"2018-02-28T16:08:15.488Z","v":0}
{"name":"ChatBotLogs","hostname":"Laptop-2039","pid":6312,"level":30,"msg":"configuring db in development mode","time":"2018-02-28T16:08:44.633Z","v":0}
{"name":"ChatBotLogs","hostname":"Laptop-2039","pid":6312,"level":30,"msg":"connecting to -> mongodb://localhost:27017,localhost:27018,localhost:27019/chat_bot?replicaSet=repl1","time":"2018-02-28T16:08:44.633Z","v":0}
{"name":"ChatBotLogs","hostname":"Laptop-2039","pid":10364,"level":30,"msg":"configuring db in development mode","time":"2018-02-28T16:08:45.985Z","v":0}
{"name":"ChatBotLogs","hostname":"Laptop-2039","pid":10364,"level":30,"msg":"connecting to -> mongodb://localhost:27017,localhost:27018,localhost:27019/chat_bot?replicaSet=repl1","time":"2018-02-28T16:08:45.986Z","v":0}
{"name":"ChatBotLogs","hostname":"Laptop-2039","pid":10364,"level":30,"msg":"connected to DB chat_bot?replicaSet=repl1 at mongodb://localhost:27017,localhost:27018,localhost:27019/chat_bot?replicaSet=repl1","time":"2018-02-28T16:08:47.049Z","v":0}
{"name":"ChatBotLogs","hostname":"Laptop-2039","pid":10364,"level":30,"msg":"Express server listening on 4009, in development mode","time":"2018-02-28T16:08:47.283Z","v":0}
{"name":"ChatBotLogs","hostname":"Laptop-2039","pid":10404,"level":30,"msg":"configuring db in development mode","time":"2018-02-28T16:09:07.622Z","v":0}
{"name":"ChatBotLogs","hostname":"Laptop-2039","pid":10404,"level":30,"msg":"connecting to -> mongodb://localhost:27017,localhost:27018,localhost:27019/chat_bot?replicaSet=repl1","time":"2018-02-28T16:09:07.622Z","v":0}
{"name":"ChatBotLogs","hostname":"Laptop-2039","pid":10404,"level":30,"msg":"connected to DB chat_bot?replicaSet=repl1 at mongodb://localhost:27017,localhost:27018,localhost:27019/chat_bot?replicaSet=repl1","time":"2018-02-28T16:09:08.715Z","v":0}
{"name":"ChatBotLogs","hostname":"Laptop-2039","pid":10404,"level":30,"msg":"Express server listening on 4009, in development mode","time":"2018-02-28T16:09:08.951Z","v":0}
{"name":"ChatBotLogs","hostname":"Laptop-2039","pid":1664,"level":30,"msg":"configuring db in development mode","time":"2018-02-28T16:09:11.359Z","v":0}
{"name":"ChatBotLogs","hostname":"Laptop-2039","pid":1664,"level":30,"msg":"connecting to -> mongodb://localhost:27017,localhost:27018,localhost:27019/chat_bot?replicaSet=repl1","time":"2018-02-28T16:09:11.359Z","v":0}
{"name":"ChatBotLogs","hostname":"Laptop-2039","pid":1664,"level":30,"msg":"connected to DB chat_bot?replicaSet=repl1 at mongodb://localhost:27017,localhost:27018,localhost:27019/chat_bot?replicaSet=repl1","time":"2018-02-28T16:09:12.431Z","v":0}
{"name":"ChatBotLogs","hostname":"Laptop-2039","pid":1664,"level":30,"msg":"Express server listening on 4009, in development mode","time":"2018-02-28T16:09:12.706Z","v":0}
{"name":"ChatBotLogs","hostname":"Laptop-2039","pid":9096,"level":30,"msg":"configuring db in development mode","time":"2018-02-28T16:09:52.808Z","v":0}
{"name":"ChatBotLogs","hostname":"Laptop-2039","pid":9096,"level":30,"msg":"connecting to -> mongodb://localhost:27017,localhost:27018,localhost:27019/chat_bot?replicaSet=repl1","time":"2018-02-28T16:09:52.809Z","v":0}
{"name":"ChatBotLogs","hostname":"Laptop-2039","pid":9096,"level":30,"msg":"connected to DB chat_bot?replicaSet=repl1 at mongodb://localhost:27017,localhost:27018,localhost:27019/chat_bot?replicaSet=repl1","time":"2018-02-28T16:09:53.870Z","v":0}
{"name":"ChatBotLogs","hostname":"Laptop-2039","pid":9096,"level":30,"msg":"Express server listening on 4009, in development mode","time":"2018-02-28T16:09:54.100Z","v":0}
{"name":"ChatBotLogs","hostname":"Laptop-2039","pid":4348,"level":30,"msg":"configuring db in development mode","time":"2018-02-28T16:10:31.325Z","v":0}
{"name":"ChatBotLogs","hostname":"Laptop-2039","pid":4348,"level":30,"msg":"connecting to -> mongodb://localhost:27017,localhost:27018,localhost:27019/chat_bot?replicaSet=repl1","time":"2018-02-28T16:10:31.325Z","v":0}
{"name":"ChatBotLogs","hostname":"Laptop-2039","pid":4348,"level":30,"msg":"connected to DB chat_bot?replicaSet=repl1 at mongodb://localhost:27017,localhost:27018,localhost:27019/chat_bot?replicaSet=repl1","time":"2018-02-28T16:10:32.379Z","v":0}
{"name":"ChatBotLogs","hostname":"Laptop-2039","pid":4348,"level":30,"msg":"Express server listening on 4009, in development mode","time":"2018-02-28T16:10:32.667Z","v":0}
